#
# A fatal error has been detected by the Java Runtime Environment:
#
#  EXCEPTION_ACCESS_VIOLATION (0xc0000005) at pc=0x000000005d9108f0, pid=9376, tid=0x00000000000025a8
#
# JRE version: OpenJDK Runtime Environment (8.0_76-b03) (build 1.8.0_76-release-b03)
# Java VM: OpenJDK 64-Bit Server VM (25.76-b03 mixed mode windows-amd64 compressed oops)
# Problematic frame:
# V  [jvm.dll+0x1008f0]
#
# Failed to write core dump. Minidumps are not enabled by default on client versions of Windows
#
# If you would like to submit a bug report, please visit:
#   http://bugreport.java.com/bugreport/crash.jsp
#

---------------  T H R E A D  ---------------

Current thread (0x000000005879a000):  JavaThread "Daemon worker" [_thread_in_vm, id=9640, stack(0x0000000059fb0000,0x000000005a0b0000)]

siginfo: ExceptionCode=0xc0000005, reading address 0x000000030440df70

Registers:
RAX=0x0000000015590d70, RBX=0x000000005882bfd0, RCX=0x000000005ddcfa68, RDX=0x0000000015590c30
RSP=0x000000005a0aa0b0, RBP=0x000000005a0aa171, RSI=0x000000005ddcfa68, RDI=0x0000000055f3aee0
R8 =0x00000000587b54e0, R9 =0x0000000000000001, R10=0x0000000000000000, R11=0x0000000055640a50
R12=0x0000000000000000, R13=0x000000005879a000, R14=0x0000000000000001, R15=0x0000000015590c30
RIP=0x000000005d9108f0, EFLAGS=0x0000000000010202

Top of Stack: (sp=0x000000005a0aa0b0)
0x000000005a0aa0b0:   00000000158bdc28 00000000158bdc28
0x000000005a0aa0c0:   0000000000000000 0000000000000000
0x000000005a0aa0d0:   000000005879a000 000000005d8b7a0a
0x000000005a0aa0e0:   0000000000000000 0000000015732778
0x000000005a0aa0f0:   000000005879a000 0000000000000072
0x000000005a0aa100:   0000000000000003 0000000055640a50
0x000000005a0aa110:   000000005879a000 0000000000000003
0x000000005a0aa120:   0000000055640958 0000000055f3b188
0x000000005a0aa130:   0000000055f3af00 00000000000003d8
0x000000005a0aa140:   0000000000000000 000000005879a000
0x000000005a0aa150:   00000000587b54e0 000000005882bef0
0x000000005a0aa160:   000000005882bfd0 000000005882bfd8
0x000000005a0aa170:   00000000000000d8 000000005a0aa200
0x000000005a0aa180:   0000000055641680 000000005879a000
0x000000005a0aa190:   0000000000000001 000000005879a000
0x000000005a0aa1a0:   0000000000000010 00000000000000a9 

Instructions: (pc=0x000000005d9108f0)
0x000000005d9108d0:   00 48 8b d0 e8 a7 0f f0 ff 48 8b d8 48 8b 45 6f
0x000000005d9108e0:   48 8b 90 70 01 00 00 48 63 0a 48 85 c9 7e 13 90
0x000000005d9108f0:   48 8b 04 ca 83 78 24 f6 7e 08 48 ff c9 48 85 c9
0x000000005d910900:   7f ee 4d 8b f4 4c 89 65 a7 48 89 75 8f 48 85 f6 


Register to memory mapping:

RAX=0x0000000015590d70 is pointing into metadata
RBX=0x000000005882bfd0 is an unknown value
RCX=0x000000005ddcfa68 is an unknown value
RDX=0x0000000015590c30 is pointing into metadata
RSP=0x000000005a0aa0b0 is pointing into the stack for thread: 0x000000005879a000
RBP=0x000000005a0aa171 is pointing into the stack for thread: 0x000000005879a000
RSI=0x000000005ddcfa68 is an unknown value
RDI=0x0000000055f3aee0 is an unknown value
R8 =0x00000000587b54e0 is an unknown value
R9 =0x0000000000000001 is an unknown value
R10=0x0000000000000000 is an unknown value
R11={method} {0x0000000055640a58} 'forEach' '(Ljava/util/function/Consumer;)V' in 'java/lang/Iterable'
R12=0x0000000000000000 is an unknown value
R13=0x000000005879a000 is a thread
R14=0x0000000000000001 is an unknown value
R15=0x0000000015590c30 is pointing into metadata


Stack: [0x0000000059fb0000,0x000000005a0b0000],  sp=0x000000005a0aa0b0,  free space=1000k
Native frames: (J=compiled Java code, j=interpreted, Vv=VM code, C=native code)
V  [jvm.dll+0x1008f0]
V  [jvm.dll+0x101842]
V  [jvm.dll+0xe9e61]
V  [jvm.dll+0xec740]
V  [jvm.dll+0x174416]
V  [jvm.dll+0x174d06]
C  0x00000000028a3cbd

Java frames: (J=compiled Java code, j=interpreted, Vv=VM code)
J 2009  java.lang.Class.getDeclaredConstructors0(Z)[Ljava/lang/reflect/Constructor; (0 bytes) @ 0x00000000028a3c3b [0x00000000028a3c00+0x3b]
J 1503 C1 java.lang.Class.privateGetDeclaredConstructors(Z)[Ljava/lang/reflect/Constructor; (85 bytes) @ 0x0000000002af5f84 [0x0000000002af5b20+0x464]
j  java.lang.Class.getConstructors()[Ljava/lang/reflect/Constructor;+11
j  org.gradle.internal.reflect.DirectInstantiator$ConstructorCache.getAndCache(Ljava/lang/Class;)[Ljava/lang/reflect/Constructor;+1
j  org.gradle.internal.reflect.DirectInstantiator$ConstructorCache.get(Ljava/lang/Class;)[Ljava/lang/reflect/Constructor;+51
j  org.gradle.internal.reflect.DirectInstantiator.newInstance(Ljava/lang/Class;[Ljava/lang/Object;)Ljava/lang/Object;+7
j  org.gradle.api.internal.ClassGeneratorBackedInstantiator.newInstance(Ljava/lang/Class;[Ljava/lang/Object;)Ljava/lang/Object;+19
j  org.gradle.api.internal.artifacts.DefaultDependencyManagementServices$DependencyResolutionScopeServices.createConfigurationContainer(Lorg/gradle/internal/reflect/Instantiator;Lorg/gradle/api/internal/artifacts/ConfigurationResolver;Lorg/gradle/api/internal/DomainObjectContext;Lorg/gradle/internal/event/ListenerManager;Lorg/gradle/api/internal/artifacts/configurations/DependencyMetaDataProvider;Lorg/gradle/initialization/ProjectAccessListener;Lorg/gradle/api/internal/artifacts/dsl/dependencies/ProjectFinder;Lorg/gradle/api/internal/artifacts/ivyservice/moduleconverter/ConfigurationComponentMetaDataBuilder;Lorg/gradle/api/internal/file/FileCollectionFactory;)Lorg/gradle/api/internal/artifacts/configurations/ConfigurationContainerInternal;+54
v  ~StubRoutines::call_stub
J 1511  sun.reflect.NativeMethodAccessorImpl.invoke0(Ljava/lang/reflect/Method;Ljava/lang/Object;[Ljava/lang/Object;)Ljava/lang/Object; (0 bytes) @ 0x0000000002afda7f [0x0000000002afda00+0x7f]
J 1510 C1 sun.reflect.NativeMethodAccessorImpl.invoke(Ljava/lang/Object;[Ljava/lang/Object;)Ljava/lang/Object; (104 bytes) @ 0x0000000002aff054 [0x0000000002afdf00+0x1154]
J 748 C1 sun.reflect.DelegatingMethodAccessorImpl.invoke(Ljava/lang/Object;[Ljava/lang/Object;)Ljava/lang/Object; (10 bytes) @ 0x000000000291b604 [0x000000000291b500+0x104]
J 747 C1 java.lang.reflect.Method.invoke(Ljava/lang/Object;[Ljava/lang/Object;)Ljava/lang/Object; (62 bytes) @ 0x000000000291bd9c [0x000000000291b9c0+0x3dc]
j  org.gradle.internal.reflect.JavaMethod.invoke(Ljava/lang/Object;[Ljava/lang/Object;)Ljava/lang/Object;+6
j  org.gradle.internal.service.DefaultServiceRegistry.invoke(Ljava/lang/reflect/Method;Ljava/lang/Object;[Ljava/lang/Object;)Ljava/lang/Object;+10
j  org.gradle.internal.service.DefaultServiceRegistry.access$1200(Ljava/lang/reflect/Method;Ljava/lang/Object;[Ljava/lang/Object;)Ljava/lang/Object;+3
j  org.gradle.internal.service.DefaultServiceRegistry$FactoryMethodService.invokeMethod([Ljava/lang/Object;)Ljava/lang/Object;+9
j  org.gradle.internal.service.DefaultServiceRegistry$FactoryService.create()Ljava/lang/Object;+7
J 1908 C1 org.gradle.internal.service.DefaultServiceRegistry$ManagedObjectProvider.getInstance()Ljava/lang/Object; (57 bytes) @ 0x000000000274d9c4 [0x000000000274d880+0x144]
J 1907 C1 org.gradle.internal.service.DefaultServiceRegistry$SingletonService.get()Ljava/lang/Object; (5 bytes) @ 0x000000000273b5f4 [0x000000000273b500+0xf4]
j  org.gradle.internal.service.DefaultServiceRegistry.doGet(Ljava/lang/reflect/Type;)Ljava/lang/Object;+87
j  org.gradle.internal.service.DefaultServiceRegistry.get(Ljava/lang/Class;)Ljava/lang/Object;+3
j  org.gradle.api.internal.artifacts.DefaultDependencyManagementServices$DefaultDependencyResolutionServices.getConfigurationContainer()Lorg/gradle/api/internal/artifacts/configurations/ConfigurationContainerInternal;+7
j  org.gradle.api.internal.artifacts.DefaultDependencyManagementServices$DefaultDependencyResolutionServices.getConfigurationContainer()Lorg/gradle/api/artifacts/ConfigurationContainer;+1
j  org.gradle.api.internal.initialization.DefaultScriptHandler.defineConfiguration()V+12
j  org.gradle.api.internal.initialization.DefaultScriptHandler.getDependencies()Lorg/gradle/api/artifacts/dsl/DependencyHandler;+1
j  org.gradle.api.internal.initialization.DefaultScriptHandler.dependencies(Lgroovy/lang/Closure;)V+2
v  ~StubRoutines::call_stub
J 1511  sun.reflect.NativeMethodAccessorImpl.invoke0(Ljava/lang/reflect/Method;Ljava/lang/Object;[Ljava/lang/Object;)Ljava/lang/Object; (0 bytes) @ 0x0000000002afda7f [0x0000000002afda00+0x7f]
J 1510 C1 sun.reflect.NativeMethodAccessorImpl.invoke(Ljava/lang/Object;[Ljava/lang/Object;)Ljava/lang/Object; (104 bytes) @ 0x0000000002aff054 [0x0000000002afdf00+0x1154]
J 748 C1 sun.reflect.DelegatingMethodAccessorImpl.invoke(Ljava/lang/Object;[Ljava/lang/Object;)Ljava/lang/Object; (10 bytes) @ 0x000000000291b604 [0x000000000291b500+0x104]
J 747 C1 java.lang.reflect.Method.invoke(Ljava/lang/Object;[Ljava/lang/Object;)Ljava/lang/Object; (62 bytes) @ 0x000000000291bd9c [0x000000000291b9c0+0x3dc]
j  org.codehaus.groovy.reflection.CachedMethod.invoke(Ljava/lang/Object;[Ljava/lang/Object;)Ljava/lang/Object;+6
j  groovy.lang.MetaMethod.doMethodInvoke(Ljava/lang/Object;[Ljava/lang/Object;)Ljava/lang/Object;+9
j  org.gradle.internal.metaobject.BeanDynamicObject$MetaClassAdapter.invokeMethod(Ljava/lang/String;Lorg/gradle/internal/metaobject/InvokeMethodResult;[Ljava/lang/Object;)V+39
j  org.gradle.internal.metaobject.BeanDynamicObject.invokeMethod(Ljava/lang/String;Lorg/gradle/internal/metaobject/InvokeMethodResult;[Ljava/lang/Object;)V+7
j  org.gradle.internal.metaobject.ConfigureDelegate.invokeMethod(Ljava/lang/String;Ljava/lang/Object;)Ljava/lang/Object;+51
j  org.codehaus.groovy.runtime.metaclass.ClosureMetaClass.invokeOnDelegationObjects(ZLjava/lang/Object;ZLjava/lang/Object;Ljava/lang/String;[Ljava/lang/Object;)Ljava/lang/Object;+19
j  org.codehaus.groovy.runtime.metaclass.ClosureMetaClass.invokeMethod(Ljava/lang/Class;Ljava/lang/Object;Ljava/lang/String;[Ljava/lang/Object;ZZ)Ljava/lang/Object;+732
j  groovy.lang.MetaClassImpl.invokeMethod(Ljava/lang/Object;Ljava/lang/String;[Ljava/lang/Object;)Ljava/lang/Object;+10
j  org.codehaus.groovy.runtime.callsite.PogoMetaClassSite.callCurrent(Lgroovy/lang/GroovyObject;[Ljava/lang/Object;)Ljava/lang/Object;+18
j  org.codehaus.groovy.runtime.callsite.CallSiteArray.defaultCallCurrent(Lorg/codehaus/groovy/runtime/callsite/CallSite;Lgroovy/lang/GroovyObject;[Ljava/lang/Object;)Ljava/lang/Object;+17
j  org.codehaus.groovy.runtime.callsite.AbstractCallSite.callCurrent(Lgroovy/lang/GroovyObject;[Ljava/lang/Object;)Ljava/lang/Object;+3
j  org.codehaus.groovy.runtime.callsite.AbstractCallSite.callCurrent(Lgroovy/lang/GroovyObject;Ljava/lang/Object;)Ljava/lang/Object;+33
j  build_ef7imy9thsl8vxjsam3mcph20$_run_closure1.doCall(Ljava/lang/Object;)Ljava/lang/Object;+44
v  ~StubRoutines::call_stub
J 1511  sun.reflect.NativeMethodAccessorImpl.invoke0(Ljava/lang/reflect/Method;Ljava/lang/Object;[Ljava/lang/Object;)Ljava/lang/Object; (0 bytes) @ 0x0000000002afda7f [0x0000000002afda00+0x7f]
J 1510 C1 sun.reflect.NativeMethodAccessorImpl.invoke(Ljava/lang/Object;[Ljava/lang/Object;)Ljava/lang/Object; (104 bytes) @ 0x0000000002aff054 [0x0000000002afdf00+0x1154]
J 748 C1 sun.reflect.DelegatingMethodAccessorImpl.invoke(Ljava/lang/Object;[Ljava/lang/Object;)Ljava/lang/Object; (10 bytes) @ 0x000000000291b604 [0x000000000291b500+0x104]
J 747 C1 java.lang.reflect.Method.invoke(Ljava/lang/Object;[Ljava/lang/Object;)Ljava/lang/Object; (62 bytes) @ 0x000000000291bd9c [0x000000000291b9c0+0x3dc]
j  org.codehaus.groovy.reflection.CachedMethod.invoke(Ljava/lang/Object;[Ljava/lang/Object;)Ljava/lang/Object;+6
j  groovy.lang.MetaMethod.doMethodInvoke(Ljava/lang/Object;[Ljava/lang/Object;)Ljava/lang/Object;+9
j  org.codehaus.groovy.runtime.metaclass.ClosureMetaClass.invokeMethod(Ljava/lang/Class;Ljava/lang/Object;Ljava/lang/String;[Ljava/lang/Object;ZZ)Ljava/lang/Object;+241
j  groovy.lang.MetaClassImpl.invokeMethod(Ljava/lang/Object;Ljava/lang/String;[Ljava/lang/Object;)Ljava/lang/Object;+10
j  groovy.lang.Closure.call([Ljava/lang/Object;)Ljava/lang/Object;+8
j  groovy.lang.Closure.call(Ljava/lang/Object;)Ljava/lang/Object;+9
j  org.gradle.api.internal.ClosureBackedAction.execute(Ljava/lang/Object;)V+80
j  org.gradle.util.ConfigureUtil.configure(Lgroovy/lang/Closure;Ljava/lang/Object;)Ljava/lang/Object;+44
j  org.gradle.api.internal.project.AbstractProject.buildscript(Lgroovy/lang/Closure;)V+5
j  org.gradle.api.internal.project.ProjectScript.buildscript(Lgroovy/lang/Closure;)V+5
j  org.gradle.api.Script$buildscript.callCurrent(Lgroovy/lang/GroovyObject;[Ljava/lang/Object;)Ljava/lang/Object;+19
j  org.codehaus.groovy.runtime.callsite.CallSiteArray.defaultCallCurrent(Lorg/codehaus/groovy/runtime/callsite/CallSite;Lgroovy/lang/GroovyObject;[Ljava/lang/Object;)Ljava/lang/Object;+17
j  org.codehaus.groovy.runtime.callsite.AbstractCallSite.callCurrent(Lgroovy/lang/GroovyObject;[Ljava/lang/Object;)Ljava/lang/Object;+3
j  org.codehaus.groovy.runtime.callsite.AbstractCallSite.callCurrent(Lgroovy/lang/GroovyObject;Ljava/lang/Object;)Ljava/lang/Object;+33
j  build_ef7imy9thsl8vxjsam3mcph20.run()Ljava/lang/Object;+18
j  org.gradle.groovy.scripts.internal.DefaultScriptRunnerFactory$ScriptRunnerImpl.run(Ljava/lang/Object;Lorg/gradle/internal/service/ServiceRegistry;)V+60
j  org.gradle.configuration.DefaultScriptPluginFactory$ScriptPluginImpl.apply(Ljava/lang/Object;)V+317
j  org.gradle.configuration.project.BuildScriptProcessor.execute(Lorg/gradle/api/internal/project/ProjectInternal;)V+67
j  org.gradle.configuration.project.BuildScriptProcessor.execute(Ljava/lang/Object;)V+5
j  org.gradle.configuration.project.ConfigureActionsProjectEvaluator.evaluate(Lorg/gradle/api/internal/project/ProjectInternal;Lorg/gradle/api/internal/project/ProjectStateInternal;)V+33
j  org.gradle.configuration.project.LifecycleProjectEvaluator.evaluate(Lorg/gradle/api/internal/project/ProjectInternal;Lorg/gradle/api/internal/project/ProjectStateInternal;)V+54
j  org.gradle.api.internal.project.AbstractProject.evaluate()Lorg/gradle/api/internal/project/AbstractProject;+9
j  org.gradle.api.internal.project.AbstractProject.evaluate()Lorg/gradle/api/Project;+1
j  org.gradle.execution.TaskPathProjectEvaluator.configure(Lorg/gradle/api/internal/project/ProjectInternal;)V+21
j  org.gradle.configuration.DefaultBuildConfigurer.configure(Lorg/gradle/api/internal/GradleInternal;)V+32
j  org.gradle.initialization.DefaultGradleLauncher$2.run()V+14
j  org.gradle.internal.Factories$1.create()Ljava/lang/Object;+4
j  org.gradle.internal.progress.DefaultBuildOperationExecutor.run(Lorg/gradle/internal/progress/BuildOperationDetails;Lorg/gradle/internal/Factory;)Ljava/lang/Object;+171
j  org.gradle.internal.progress.DefaultBuildOperationExecutor.run(Ljava/lang/String;Ljava/lang/Runnable;)V+12
j  org.gradle.initialization.DefaultGradleLauncher.doBuildStages(Lorg/gradle/initialization/DefaultGradleLauncher$Stage;)V+39
j  org.gradle.initialization.DefaultGradleLauncher.access$200(Lorg/gradle/initialization/DefaultGradleLauncher;Lorg/gradle/initialization/DefaultGradleLauncher$Stage;)V+2
j  org.gradle.initialization.DefaultGradleLauncher$1.create()Lorg/gradle/BuildResult;+29
j  org.gradle.initialization.DefaultGradleLauncher$1.create()Ljava/lang/Object;+1
j  org.gradle.internal.progress.DefaultBuildOperationExecutor.run(Lorg/gradle/internal/progress/BuildOperationDetails;Lorg/gradle/internal/Factory;)Ljava/lang/Object;+171
j  org.gradle.internal.progress.DefaultBuildOperationExecutor.run(Ljava/lang/String;Lorg/gradle/internal/Factory;)Ljava/lang/Object;+9
j  org.gradle.initialization.DefaultGradleLauncher.doBuild(Lorg/gradle/initialization/DefaultGradleLauncher$Stage;)Lorg/gradle/BuildResult;+15
j  org.gradle.initialization.DefaultGradleLauncher.run()Lorg/gradle/BuildResult;+4
j  org.gradle.launcher.exec.InProcessBuildActionExecuter$DefaultBuildController.run()Lorg/gradle/api/internal/GradleInternal;+4
j  org.gradle.tooling.internal.provider.runner.BuildModelActionRunner.run(Lorg/gradle/internal/invocation/BuildAction;Lorg/gradle/internal/invocation/BuildController;)V+29
j  org.gradle.launcher.exec.ChainingBuildActionRunner.run(Lorg/gradle/internal/invocation/BuildAction;Lorg/gradle/internal/invocation/BuildController;)V+34
j  org.gradle.tooling.internal.provider.runner.SubscribableBuildActionRunner.run(Lorg/gradle/internal/invocation/BuildAction;Lorg/gradle/internal/invocation/BuildController;)V+37
j  org.gradle.launcher.exec.ChainingBuildActionRunner.run(Lorg/gradle/internal/invocation/BuildAction;Lorg/gradle/internal/invocation/BuildController;)V+34
j  org.gradle.launcher.exec.InProcessBuildActionExecuter.execute(Lorg/gradle/internal/invocation/BuildAction;Lorg/gradle/initialization/BuildRequestContext;Lorg/gradle/launcher/exec/BuildActionParameters;Lorg/gradle/internal/service/ServiceRegistry;)Ljava/lang/Object;+77
j  org.gradle.launcher.exec.InProcessBuildActionExecuter.execute(Lorg/gradle/internal/invocation/BuildAction;Lorg/gradle/initialization/BuildRequestContext;Ljava/lang/Object;Lorg/gradle/internal/service/ServiceRegistry;)Ljava/lang/Object;+9
j  org.gradle.launcher.exec.ContinuousBuildActionExecuter.execute(Lorg/gradle/internal/invocation/BuildAction;Lorg/gradle/initialization/BuildRequestContext;Lorg/gradle/launcher/exec/BuildActionParameters;Lorg/gradle/internal/service/ServiceRegistry;)Ljava/lang/Object;+114
j  org.gradle.launcher.exec.ContinuousBuildActionExecuter.execute(Lorg/gradle/internal/invocation/BuildAction;Lorg/gradle/initialization/BuildRequestContext;Ljava/lang/Object;Lorg/gradle/internal/service/ServiceRegistry;)Ljava/lang/Object;+9
j  org.gradle.launcher.daemon.server.exec.ExecuteBuild.doBuild(Lorg/gradle/launcher/daemon/server/api/DaemonCommandExecution;Lorg/gradle/launcher/daemon/protocol/Build;)V+74
j  org.gradle.launcher.daemon.server.exec.BuildCommandOnly.execute(Lorg/gradle/launcher/daemon/server/api/DaemonCommandExecution;)V+49
j  org.gradle.launcher.daemon.server.api.DaemonCommandExecution.proceed()Z+28
j  org.gradle.launcher.daemon.server.exec.WatchForDisconnection.execute(Lorg/gradle/launcher/daemon/server/api/DaemonCommandExecution;)V+19
j  org.gradle.launcher.daemon.server.api.DaemonCommandExecution.proceed()Z+28
j  org.gradle.launcher.daemon.server.exec.ResetDeprecationLogger.execute(Lorg/gradle/launcher/daemon/server/api/DaemonCommandExecution;)V+4
j  org.gradle.launcher.daemon.server.api.DaemonCommandExecution.proceed()Z+28
j  org.gradle.launcher.daemon.server.exec.RequestStopIfSingleUsedDaemon.execute(Lorg/gradle/launcher/daemon/server/api/DaemonCommandExecution;)V+31
j  org.gradle.launcher.daemon.server.api.DaemonCommandExecution.proceed()Z+28
j  org.gradle.launcher.daemon.server.exec.ForwardClientInput$2.call()Ljava/lang/Void;+4
j  org.gradle.launcher.daemon.server.exec.ForwardClientInput$2.call()Ljava/lang/Object;+1
j  org.gradle.util.Swapper.swap(Ljava/lang/Object;Ljava/util/concurrent/Callable;)Ljava/lang/Object;+21
j  org.gradle.launcher.daemon.server.exec.ForwardClientInput.execute(Lorg/gradle/launcher/daemon/server/api/DaemonCommandExecution;)V+63
j  org.gradle.launcher.daemon.server.api.DaemonCommandExecution.proceed()Z+28
j  org.gradle.launcher.daemon.server.health.DaemonHealthTracker.execute(Lorg/gradle/launcher/daemon/server/api/DaemonCommandExecution;)V+35
j  org.gradle.launcher.daemon.server.api.DaemonCommandExecution.proceed()Z+28
j  org.gradle.launcher.daemon.server.exec.LogToClient.doBuild(Lorg/gradle/launcher/daemon/server/api/DaemonCommandExecution;Lorg/gradle/launcher/daemon/protocol/Build;)V+87
j  org.gradle.launcher.daemon.server.exec.BuildCommandOnly.execute(Lorg/gradle/launcher/daemon/server/api/DaemonCommandExecution;)V+49
j  org.gradle.launcher.daemon.server.api.DaemonCommandExecution.proceed()Z+28
j  org.gradle.launcher.daemon.server.exec.EstablishBuildEnvironment.doBuild(Lorg/gradle/launcher/daemon/server/api/DaemonCommandExecution;Lorg/gradle/launcher/daemon/protocol/Build;)V+279
j  org.gradle.launcher.daemon.server.exec.BuildCommandOnly.execute(Lorg/gradle/launcher/daemon/server/api/DaemonCommandExecution;)V+49
j  org.gradle.launcher.daemon.server.api.DaemonCommandExecution.proceed()Z+28
j  org.gradle.launcher.daemon.server.health.HintGCAfterBuild.execute(Lorg/gradle/launcher/daemon/server/api/DaemonCommandExecution;)V+1
j  org.gradle.launcher.daemon.server.api.DaemonCommandExecution.proceed()Z+28
j  org.gradle.launcher.daemon.server.exec.StartBuildOrRespondWithBusy$1.run()V+44
j  org.gradle.launcher.daemon.server.DaemonStateCoordinator$1.run()V+4
j  org.gradle.internal.concurrent.ExecutorPolicy$CatchAndRecordFailures.onExecute(Ljava/lang/Runnable;)V+1
j  org.gradle.internal.concurrent.StoppableExecutorImpl$1.run()V+25
j  java.util.concurrent.ThreadPoolExecutor.runWorker(Ljava/util/concurrent/ThreadPoolExecutor$Worker;)V+95
j  java.util.concurrent.ThreadPoolExecutor$Worker.run()V+5
j  java.lang.Thread.run()V+11
v  ~StubRoutines::call_stub

---------------  P R O C E S S  ---------------

Java Threads: ( => current thread )
  0x000000005879b800 JavaThread "Stdin handler" [_thread_blocked, id=9872, stack(0x0000000059ca0000,0x0000000059da0000)]
  0x000000005879a800 JavaThread "Asynchronous log dispatcher for org.gradle.launcher.daemon.server.DefaultDaemonConnection@17abadc8" [_thread_blocked, id=9364, stack(0x000000005a370000,0x000000005a470000)]
=>0x000000005879a000 JavaThread "Daemon worker" [_thread_in_vm, id=9640, stack(0x0000000059fb0000,0x000000005a0b0000)]
  0x0000000058799000 JavaThread "Cancel handler" [_thread_blocked, id=2292, stack(0x0000000059e00000,0x0000000059f00000)]
  0x0000000058798800 JavaThread "Handler for socket connection from /127.0.0.1:57166 to /127.0.0.1:57167" [_thread_in_native, id=7384, stack(0x0000000059b90000,0x0000000059c90000)]
  0x0000000058797800 JavaThread "Daemon" [_thread_blocked, id=8872, stack(0x00000000597e0000,0x00000000598e0000)]
  0x0000000058797000 JavaThread "pool-1-thread-1" [_thread_blocked, id=7532, stack(0x0000000059930000,0x0000000059a30000)]
  0x0000000058832000 JavaThread "Incoming local TCP Connector on port 57166" [_thread_in_native, id=8656, stack(0x00000000582d0000,0x00000000583d0000)]
  0x0000000055f7f800 JavaThread "Service Thread" daemon [_thread_blocked, id=3120, stack(0x0000000057980000,0x0000000057a80000)]
  0x0000000055f3e000 JavaThread "C1 CompilerThread1" daemon [_thread_blocked, id=10116, stack(0x0000000057450000,0x0000000057550000)]
  0x0000000055f2e800 JavaThread "C2 CompilerThread0" daemon [_thread_in_native, id=8336, stack(0x00000000572d0000,0x00000000573d0000)]
  0x0000000055f2d800 JavaThread "Attach Listener" daemon [_thread_blocked, id=9560, stack(0x00000000570f0000,0x00000000571f0000)]
  0x0000000055f15800 JavaThread "Signal Dispatcher" daemon [_thread_blocked, id=9988, stack(0x0000000056f80000,0x0000000057080000)]
  0x0000000055efd800 JavaThread "Finalizer" daemon [_thread_blocked, id=7128, stack(0x0000000056dc0000,0x0000000056ec0000)]
  0x0000000055eb2800 JavaThread "Reference Handler" daemon [_thread_blocked, id=1560, stack(0x0000000056b90000,0x0000000056c90000)]
  0x00000000023be000 JavaThread "main" [_thread_blocked, id=6956, stack(0x0000000002510000,0x0000000002610000)]

Other Threads:
  0x0000000055eaa800 VMThread [stack: 0x0000000056a80000,0x0000000056b80000] [id=8816]
  0x000000005759e800 WatcherThread [stack: 0x0000000056ca0000,0x0000000056da0000] [id=7432]

VM state:not at safepoint (normal execution)

VM Mutex/Monitor currently owned by a thread: None

Heap:
 PSYoungGen      total 38912K, used 14746K [0x00000000e0000000, 0x00000000e2f80000, 0x0000000100000000)
  eden space 35328K, 32% used [0x00000000e0000000,0x00000000e0b139d0,0x00000000e2280000)
  from space 3584K, 94% used [0x00000000e2c00000,0x00000000e2f53080,0x00000000e2f80000)
  to   space 5632K, 0% used [0x00000000e2480000,0x00000000e2480000,0x00000000e2a00000)
 ParOldGen       total 31232K, used 10659K [0x00000000a0000000, 0x00000000a1e80000, 0x00000000e0000000)
  object space 31232K, 34% used [0x00000000a0000000,0x00000000a0a68eb0,0x00000000a1e80000)
 Metaspace       used 23598K, capacity 24090K, committed 24448K, reserved 1071104K
  class space    used 3186K, capacity 3351K, committed 3456K, reserved 1048576K

Card table byte_map: [0x00000000119d0000,0x0000000011ce0000] byte_map_base: 0x00000000114d0000

Marking Bits: (ParMarkBitMap*) 0x000000005dfc9d00
 Begin Bits: [0x0000000012280000, 0x0000000013a80000)
 End Bits:   [0x0000000013a80000, 0x0000000015280000)

Polling page: 0x0000000000340000

CodeCache: size=245760Kb used=7664Kb max_used=7682Kb free=238095Kb
 bounds [0x0000000002610000, 0x0000000002da0000, 0x0000000011610000]
 total_blobs=2559 nmethods=1934 adapters=539
 compilation: enabled

Compilation events (10 events):
Event: 10.443 Thread 0x0000000055f3e000 2035       3       org.objectweb.asm.MethodWriter::visitFieldInsn (248 bytes)
Event: 10.444 Thread 0x0000000055f3e000 nmethod 2035 0x0000000002d76850 code [0x0000000002d76a40, 0x0000000002d77338]
Event: 10.444 Thread 0x0000000055f3e000 2036       3       org.objectweb.asm.ClassWriter::a (77 bytes)
Event: 10.445 Thread 0x0000000055f3e000 nmethod 2036 0x0000000002d75c50 code [0x0000000002d75e40, 0x0000000002d76438]
Event: 10.445 Thread 0x0000000055f3e000 2037       3       org.objectweb.asm.ClassWriter::visitMethod (24 bytes)
Event: 10.445 Thread 0x0000000055f3e000 nmethod 2037 0x0000000002d757d0 code [0x0000000002d75940, 0x0000000002d75b68]
Event: 10.459 Thread 0x0000000055f3e000 2038       3       sun.reflect.DelegatingMethodAccessorImpl::setDelegate (6 bytes)
Event: 10.459 Thread 0x0000000055f3e000 nmethod 2038 0x0000000002d75490 code [0x0000000002d755e0, 0x0000000002d75750]
Event: 10.478 Thread 0x0000000055f3e000 2040       3       org.gradle.internal.reflect.JavaReflectionUtil::getAnnotation (103 bytes)
Event: 10.479 Thread 0x0000000055f3e000 nmethod 2040 0x0000000002d73c50 code [0x0000000002d73ec0, 0x0000000002d74d98]

GC Heap History (10 events):
Event: 7.277 GC heap before
{Heap before GC invocations=7 (full 0):
 PSYoungGen      total 17408K, used 17288K [0x00000000e0000000, 0x00000000e2600000, 0x0000000100000000)
  eden space 12288K, 100% used [0x00000000e0000000,0x00000000e0c00000,0x00000000e0c00000)
  from space 5120K, 97% used [0x00000000e1200000,0x00000000e16e21d8,0x00000000e1700000)
  to   space 6144K, 0% used [0x00000000e0c00000,0x00000000e0c00000,0x00000000e1200000)
 ParOldGen       total 35840K, used 7118K [0x00000000a0000000, 0x00000000a2300000, 0x00000000e0000000)
  object space 35840K, 19% used [0x00000000a0000000,0x00000000a06f3920,0x00000000a2300000)
 Metaspace       used 18609K, capacity 18950K, committed 19328K, reserved 1067008K
  class space    used 2472K, capacity 2586K, committed 2688K, reserved 1048576K
Event: 7.332 GC heap after
Heap after GC invocations=7 (full 0):
 PSYoungGen      total 18432K, used 4496K [0x00000000e0000000, 0x00000000e2400000, 0x0000000100000000)
  eden space 12288K, 0% used [0x00000000e0000000,0x00000000e0000000,0x00000000e0c00000)
  from space 6144K, 73% used [0x00000000e0c00000,0x00000000e1064010,0x00000000e1200000)
  to   space 6144K, 0% used [0x00000000e1e00000,0x00000000e1e00000,0x00000000e2400000)
 ParOldGen       total 35840K, used 7790K [0x00000000a0000000, 0x00000000a2300000, 0x00000000e0000000)
  object space 35840K, 21% used [0x00000000a0000000,0x00000000a079b970,0x00000000a2300000)
 Metaspace       used 18609K, capacity 18950K, committed 19328K, reserved 1067008K
  class space    used 2472K, capacity 2586K, committed 2688K, reserved 1048576K
}
Event: 7.971 GC heap before
{Heap before GC invocations=8 (full 0):
 PSYoungGen      total 18432K, used 16784K [0x00000000e0000000, 0x00000000e2400000, 0x0000000100000000)
  eden space 12288K, 100% used [0x00000000e0000000,0x00000000e0c00000,0x00000000e0c00000)
  from space 6144K, 73% used [0x00000000e0c00000,0x00000000e1064010,0x00000000e1200000)
  to   space 6144K, 0% used [0x00000000e1e00000,0x00000000e1e00000,0x00000000e2400000)
 ParOldGen       total 35840K, used 7790K [0x00000000a0000000, 0x00000000a2300000, 0x00000000e0000000)
  object space 35840K, 21% used [0x00000000a0000000,0x00000000a079b970,0x00000000a2300000)
 Metaspace       used 19787K, capacity 20080K, committed 20352K, reserved 1067008K
  class space    used 2550K, capacity 2659K, committed 2688K, reserved 1048576K
Event: 7.999 GC heap after
Heap after GC invocations=8 (full 0):
 PSYoungGen      total 29696K, used 3708K [0x00000000e0000000, 0x00000000e2300000, 0x0000000100000000)
  eden space 24576K, 0% used [0x00000000e0000000,0x00000000e0000000,0x00000000e1800000)
  from space 5120K, 72% used [0x00000000e1e00000,0x00000000e219f040,0x00000000e2300000)
  to   space 5632K, 0% used [0x00000000e1800000,0x00000000e1800000,0x00000000e1d80000)
 ParOldGen       total 35840K, used 8678K [0x00000000a0000000, 0x00000000a2300000, 0x00000000e0000000)
  object space 35840K, 24% used [0x00000000a0000000,0x00000000a0879a28,0x00000000a2300000)
 Metaspace       used 19787K, capacity 20080K, committed 20352K, reserved 1067008K
  class space    used 2550K, capacity 2659K, committed 2688K, reserved 1048576K
}
Event: 8.456 GC heap before
{Heap before GC invocations=9 (full 0):
 PSYoungGen      total 29696K, used 12538K [0x00000000e0000000, 0x00000000e2300000, 0x0000000100000000)
  eden space 24576K, 35% used [0x00000000e0000000,0x00000000e089f998,0x00000000e1800000)
  from space 5120K, 72% used [0x00000000e1e00000,0x00000000e219f040,0x00000000e2300000)
  to   space 5632K, 0% used [0x00000000e1800000,0x00000000e1800000,0x00000000e1d80000)
 ParOldGen       total 35840K, used 8678K [0x00000000a0000000, 0x00000000a2300000, 0x00000000e0000000)
  object space 35840K, 24% used [0x00000000a0000000,0x00000000a0879a28,0x00000000a2300000)
 Metaspace       used 20781K, capacity 21104K, committed 21296K, reserved 1067008K
  class space    used 2714K, capacity 2851K, committed 2944K, reserved 1048576K
Event: 8.465 GC heap after
Heap after GC invocations=9 (full 0):
 PSYoungGen      total 30208K, used 2760K [0x00000000e0000000, 0x00000000e3180000, 0x0000000100000000)
  eden space 24576K, 0% used [0x00000000e0000000,0x00000000e0000000,0x00000000e1800000)
  from space 5632K, 49% used [0x00000000e1800000,0x00000000e1ab2380,0x00000000e1d80000)
  to   space 5632K, 0% used [0x00000000e2c00000,0x00000000e2c00000,0x00000000e3180000)
 ParOldGen       total 35840K, used 10584K [0x00000000a0000000, 0x00000000a2300000, 0x00000000e0000000)
  object space 35840K, 29% used [0x00000000a0000000,0x00000000a0a56258,0x00000000a2300000)
 Metaspace       used 20781K, capacity 21104K, committed 21296K, reserved 1067008K
  class space    used 2714K, capacity 2851K, committed 2944K, reserved 1048576K
}
Event: 8.465 GC heap before
{Heap before GC invocations=10 (full 1):
 PSYoungGen      total 30208K, used 2760K [0x00000000e0000000, 0x00000000e3180000, 0x0000000100000000)
  eden space 24576K, 0% used [0x00000000e0000000,0x00000000e0000000,0x00000000e1800000)
  from space 5632K, 49% used [0x00000000e1800000,0x00000000e1ab2380,0x00000000e1d80000)
  to   space 5632K, 0% used [0x00000000e2c00000,0x00000000e2c00000,0x00000000e3180000)
 ParOldGen       total 35840K, used 10584K [0x00000000a0000000, 0x00000000a2300000, 0x00000000e0000000)
  object space 35840K, 29% used [0x00000000a0000000,0x00000000a0a56258,0x00000000a2300000)
 Metaspace       used 20781K, capacity 21104K, committed 21296K, reserved 1067008K
  class space    used 2714K, capacity 2851K, committed 2944K, reserved 1048576K
Event: 8.568 GC heap after
Heap after GC invocations=10 (full 1):
 PSYoungGen      total 30208K, used 0K [0x00000000e0000000, 0x00000000e3180000, 0x0000000100000000)
  eden space 24576K, 0% used [0x00000000e0000000,0x00000000e0000000,0x00000000e1800000)
  from space 5632K, 0% used [0x00000000e1800000,0x00000000e1800000,0x00000000e1d80000)
  to   space 5632K, 0% used [0x00000000e2c00000,0x00000000e2c00000,0x00000000e3180000)
 ParOldGen       total 31232K, used 10651K [0x00000000a0000000, 0x00000000a1e80000, 0x00000000e0000000)
  object space 31232K, 34% used [0x00000000a0000000,0x00000000a0a66eb0,0x00000000a1e80000)
 Metaspace       used 20781K, capacity 21104K, committed 21296K, reserved 1067008K
  class space    used 2714K, capacity 2851K, committed 2944K, reserved 1048576K
}
Event: 9.876 GC heap before
{Heap before GC invocations=11 (full 1):
 PSYoungGen      total 30208K, used 24576K [0x00000000e0000000, 0x00000000e3180000, 0x0000000100000000)
  eden space 24576K, 100% used [0x00000000e0000000,0x00000000e1800000,0x00000000e1800000)
  from space 5632K, 0% used [0x00000000e1800000,0x00000000e1800000,0x00000000e1d80000)
  to   space 5632K, 0% used [0x00000000e2c00000,0x00000000e2c00000,0x00000000e3180000)
 ParOldGen       total 31232K, used 10651K [0x00000000a0000000, 0x00000000a1e80000, 0x00000000e0000000)
  object space 31232K, 34% used [0x00000000a0000000,0x00000000a0a66eb0,0x00000000a1e80000)
 Metaspace       used 22632K, capacity 23090K, committed 23424K, reserved 1069056K
  class space    used 3017K, capacity 3148K, committed 3200K, reserved 1048576K
Event: 9.904 GC heap after
Heap after GC invocations=11 (full 1):
 PSYoungGen      total 38912K, used 3404K [0x00000000e0000000, 0x00000000e2f80000, 0x0000000100000000)
  eden space 35328K, 0% used [0x00000000e0000000,0x00000000e0000000,0x00000000e2280000)
  from space 3584K, 94% used [0x00000000e2c00000,0x00000000e2f53080,0x00000000e2f80000)
  to   space 5632K, 0% used [0x00000000e2480000,0x00000000e2480000,0x00000000e2a00000)
 ParOldGen       total 31232K, used 10659K [0x00000000a0000000, 0x00000000a1e80000, 0x00000000e0000000)
  object space 31232K, 34% used [0x00000000a0000000,0x00000000a0a68eb0,0x00000000a1e80000)
 Metaspace       used 22632K, capacity 23090K, committed 23424K, reserved 1069056K
  class space    used 3017K, capacity 3148K, committed 3200K, reserved 1048576K
}

Deoptimization events (10 events):
Event: 8.361 Thread 0x000000005879a000 Uncommon trap: reason=unstable_if action=reinterpret pc=0x0000000002a40160 method=java.util.HashMap.getNode(ILjava/lang/Object;)Ljava/util/HashMap$Node; @ 53
Event: 8.361 Thread 0x000000005879a000 Uncommon trap: reason=unstable_if action=reinterpret pc=0x0000000002a18a98 method=java.util.HashMap.hash(Ljava/lang/Object;)I @ 1
Event: 8.361 Thread 0x000000005879a000 Uncommon trap: reason=unstable_if action=reinterpret pc=0x0000000002c96064 method=java.util.HashMap.putVal(ILjava/lang/Object;Ljava/lang/Object;ZZ)Ljava/lang/Object; @ 85
Event: 8.453 Thread 0x000000005879a000 Uncommon trap: reason=class_check action=maybe_recompile pc=0x0000000002a86830 method=java.lang.reflect.Method.equals(Ljava/lang/Object;)Z @ 5
Event: 8.456 Thread 0x000000005879a000 Uncommon trap: reason=class_check action=maybe_recompile pc=0x0000000002a86830 method=java.lang.reflect.Method.equals(Ljava/lang/Object;)Z @ 5
Event: 8.804 Thread 0x000000005879a000 Uncommon trap: reason=unstable_if action=reinterpret pc=0x00000000028e5220 method=java.util.LinkedHashMap.afterNodeInsertion(Z)V @ 1
Event: 8.860 Thread 0x000000005879a000 Uncommon trap: reason=class_check action=maybe_recompile pc=0x0000000002a86830 method=java.lang.reflect.Method.equals(Ljava/lang/Object;)Z @ 5
Event: 8.860 Thread 0x000000005879a000 Uncommon trap: reason=class_check action=maybe_recompile pc=0x0000000002a86830 method=java.lang.reflect.Method.equals(Ljava/lang/Object;)Z @ 5
Event: 8.890 Thread 0x000000005879a000 Uncommon trap: reason=null_check action=make_not_entrant pc=0x0000000002ce5298 method=org.codehaus.groovy.reflection.ClassInfo.getLocalClassInfoMap()Lorg/codehaus/groovy/reflection/ClassInfo$LocalMap; @ 6
Event: 8.942 Thread 0x000000005879a000 Uncommon trap: reason=unstable_if action=reinterpret pc=0x0000000002c71564 method=java.lang.Class$MethodArray.addIfNotPresent(Ljava/lang/reflect/Method;)V @ 19

Internal exceptions (10 events):
Event: 9.741 Thread 0x000000005879a000 Exception <a 'java/lang/ClassNotFoundException': org/gradle/api/internal/artifacts/repositories/AbstractAuthenticationSupportedRepositoryBeanInfo> (0x00000000e14ac808) thrown at [C:\src\android\AOSP-openjdk\external\jetbrains\jdk\hotspot\src\share\vm\class·ÓjÍ{#@
Event: 9.742 Thread 0x000000005879a000 Exception <a 'java/lang/ClassNotFoundException': org/gradle/api/internal/artifacts/repositories/AbstractArtifactRepositoryBeanInfo> (0x00000000e14d4f18) thrown at [C:\src\android\AOSP-openjdk\external\jetbrains\jdk\hotspot\src\share\vm\classfile\systemDictÿiÿÕH|#@
Event: 9.743 Thread 0x000000005879a000 Exception <a 'java/lang/ClassNotFoundException': org/gradle/api/internal/artifacts/repositories/AbstractArtifactRepositoryCustomizer> (0x00000000e14feb40) thrown at [C:\src\android\AOSP-openjdk\external\jetbrains\jdk\hotspot\src\share\vm\classfile\systemDiG¥êÒ}#@
Event: 9.744 Thread 0x000000005879a000 Exception <a 'java/lang/ClassNotFoundException': org/gradle/api/internal/artifacts/repositories/AbstractAuthenticationSupportedRepositoryCustomizer> (0x00000000e1533018) thrown at [C:\src\android\AOSP-openjdk\external\jetbrains\jdk\hotspot\src\share\vm\claRbÉÅû#@
Event: 9.750 Thread 0x000000005879a000 Exception <a 'java/lang/ClassNotFoundException': org/gradle/api/internal/artifacts/repositories/DefaultMavenArtifactRepositoryCustomizer> (0x00000000e156f928) thrown at [C:\src\android\AOSP-openjdk\external\jetbrains\jdk\hotspot\src\share\vm\classfile\syst¼­BxÒ€#@
Event: 9.752 Thread 0x000000005879a000 Exception <a 'java/lang/ClassNotFoundException': org/gradle/api/internal/artifacts/repositories/DefaultMavenArtifactRepository_DecoratedCustomizer> (0x00000000e15ac2c8) thrown at [C:\src\android\AOSP-openjdk\external\jetbrains\jdk\hotspot\src\share\vm\clasëº O$@
Event: 10.155 Thread 0x000000005879a000 Exception <a 'java/lang/ClassNotFoundException': build_ef7imy9thsl8vxjsam3mcph20BeanInfo> (0x00000000e0477070) thrown at [C:\src\android\AOSP-openjdk\external\jetbrains\jdk\hotspot\src\share\vm\classfile\systemDictionary.cpp, line 210]
Event: 10.155 Thread 0x000000005879a000 Exception <a 'java/lang/ClassNotFoundException': org/gradle/api/internal/project/ProjectScriptBeanInfo> (0x00000000e04860e8) thrown at [C:\src\android\AOSP-openjdk\external\jetbrains\jdk\hotspot\src\share\vm\classfile\systemDictionary.cpp, line 210]
Event: 10.155 Thread 0x000000005879a000 Exception <a 'java/lang/ClassNotFoundException': org/gradle/api/internal/project/ProjectScriptCustomizer> (0x00000000e04954f0) thrown at [C:\src\android\AOSP-openjdk\external\jetbrains\jdk\hotspot\src\share\vm\classfile\systemDictionary.cpp, line 210]
Event: 10.157 Thread 0x000000005879a000 Exception <a 'java/lang/ClassNotFoundException': build_ef7imy9thsl8vxjsam3mcph20Customizer> (0x00000000e04b3078) thrown at [C:\src\android\AOSP-openjdk\external\jetbrains\jdk\hotspot\src\share\vm\classfile\systemDictionary.cpp, line 210]

Events (10 events):
Event: 10.472 loading class org/gradle/api/internal/artifacts/configurations/DefaultConfigurationContainer
Event: 10.472 loading class org/gradle/api/internal/artifacts/configurations/DefaultConfigurationContainer done
Event: 10.476 loading class org/gradle/api/internal/artifacts/configurations/ConfigurationsProvider
Event: 10.477 loading class org/gradle/api/internal/artifacts/configurations/ConfigurationsProvider done
Event: 10.478 loading class org/gradle/api/internal/artifacts/configurations/ResolutionStrategyInternal
Event: 10.478 loading class org/gradle/api/internal/artifacts/configurations/ResolutionStrategyInternal done
Event: 10.479 loading class org/gradle/api/artifacts/ResolutionStrategy
Event: 10.479 loading class org/gradle/api/artifacts/ResolutionStrategy done
Event: 10.479 loading class org/gradle/api/internal/artifacts/configurations/ConfigurationInternal
Event: 10.479 loading class org/gradle/api/internal/artifacts/configurations/ConfigurationInternal done


Dynamic libraries:
0x000000013fd20000 - 0x000000013fd51000 	D:\AS\studio\jre\bin\java.exe
0x0000000076d80000 - 0x0000000076f29000 	C:\Windows\SYSTEM32\ntdll.dll
0x0000000076b60000 - 0x0000000076c80000 	C:\Windows\system32\kernel32.dll
0x000007fefcb80000 - 0x000007fefcbec000 	C:\Windows\system32\KERNELBASE.dll
0x000007fefd520000 - 0x000007fefd5fb000 	C:\Windows\system32\ADVAPI32.dll
0x000007fefdbf0000 - 0x000007fefdc8f000 	C:\Windows\system32\msvcrt.dll
0x000007fefdb60000 - 0x000007fefdb7f000 	C:\Windows\SYSTEM32\sechost.dll
0x000007fefecb0000 - 0x000007fefeddd000 	C:\Windows\system32\RPCRT4.dll
0x0000000076c80000 - 0x0000000076d7a000 	C:\Windows\system32\USER32.dll
0x000007fefdb80000 - 0x000007fefdbe7000 	C:\Windows\system32\GDI32.dll
0x000007fefd2d0000 - 0x000007fefd2de000 	C:\Windows\system32\LPK.dll
0x000007fefd600000 - 0x000007fefd6c9000 	C:\Windows\system32\USP10.dll
0x000007fefbaa0000 - 0x000007fefbc94000 	C:\Windows\WinSxS\amd64_microsoft.windows.common-controls_6595b64144ccf1df_6.0.7601.18837_none_fa3b1e3d17594757\COMCTL32.dll
0x000007fefef30000 - 0x000007fefefa1000 	C:\Windows\system32\SHLWAPI.dll
0x000007fefeaa0000 - 0x000007fefeace000 	C:\Windows\system32\IMM32.DLL
0x000007fefd1c0000 - 0x000007fefd2c9000 	C:\Windows\system32\MSCTF.dll
0x000000005f390000 - 0x000000005f462000 	D:\AS\studio\jre\jre\bin\msvcr100.dll
0x000000005d810000 - 0x000000005e044000 	D:\AS\studio\jre\jre\bin\server\jvm.dll
0x000007fefb810000 - 0x000007fefb819000 	C:\Windows\system32\WSOCK32.dll
0x000007fefead0000 - 0x000007fefeb1d000 	C:\Windows\system32\WS2_32.dll
0x000007fefede0000 - 0x000007fefede8000 	C:\Windows\system32\NSI.dll
0x000007fef8590000 - 0x000007fef85cb000 	C:\Windows\system32\WINMM.dll
0x000007fefb930000 - 0x000007fefb93c000 	C:\Windows\system32\VERSION.dll
0x0000000076f40000 - 0x0000000076f47000 	C:\Windows\system32\PSAPI.DLL
0x000007fefbd50000 - 0x000007fefbd5f000 	D:\AS\studio\jre\jre\bin\verify.dll
0x000007fefb7b0000 - 0x000007fefb7d9000 	D:\AS\studio\jre\jre\bin\java.dll
0x000007fefb7f0000 - 0x000007fefb806000 	D:\AS\studio\jre\jre\bin\zip.dll
0x000007fefdc90000 - 0x000007fefea18000 	C:\Windows\system32\SHELL32.dll
0x000007fefd930000 - 0x000007fefdb33000 	C:\Windows\system32\ole32.dll
0x000007fefcb40000 - 0x000007fefcb4f000 	C:\Windows\system32\profapi.dll
0x000007fefb790000 - 0x000007fefb7aa000 	D:\AS\studio\jre\jre\bin\net.dll
0x000007fefc2f0000 - 0x000007fefc345000 	C:\Windows\system32\mswsock.dll
0x000007fefc2e0000 - 0x000007fefc2e7000 	C:\Windows\System32\wship6.dll
0x000007fefb770000 - 0x000007fefb781000 	D:\AS\studio\jre\jre\bin\nio.dll
0x000007fefa950000 - 0x000007fefa962000 	C:\Users\Administrator\.gradle\native\19\windows-amd64\native-platform.dll
0x000007fefc350000 - 0x000007fefc367000 	C:\Windows\system32\CRYPTSP.dll
0x000007fefc050000 - 0x000007fefc097000 	C:\Windows\system32\rsaenh.dll
0x000007fefcb60000 - 0x000007fefcb7e000 	C:\Windows\system32\USERENV.dll
0x000007fefc9d0000 - 0x000007fefc9df000 	C:\Windows\system32\CRYPTBASE.dll
0x000007fefa350000 - 0x000007fefa377000 	C:\Windows\system32\IPHLPAPI.DLL
0x000007fefa340000 - 0x000007fefa34b000 	C:\Windows\system32\WINNSI.DLL
0x000007fef9dd0000 - 0x000007fef9de8000 	C:\Windows\system32\dhcpcsvc.DLL
0x000007fef9db0000 - 0x000007fef9dc1000 	C:\Windows\system32\dhcpcsvc6.DLL
0x000007fefb760000 - 0x000007fefb76d000 	D:\AS\studio\jre\jre\bin\management.dll
0x000007fefc970000 - 0x000007fefc9c7000 	C:\Windows\system32\apphelp.dll
0x000007fef1270000 - 0x000007fef1395000 	C:\Windows\system32\dbghelp.dll

VM Arguments:
jvm_args: -Xmx1536m -Dfile.encoding=GBK -Duser.country=CN -Duser.language=zh -Duser.variant 
java_command: org.gradle.launcher.daemon.bootstrap.GradleDaemon 2.14.1
java_class_path (initial): D:\AS\studio\gradle\gradle-2.14.1\lib\gradle-launcher-2.14.1.jar
Launcher Type: SUN_STANDARD

Environment Variables:
JAVA_HOME=C:\Program Files (x86)\Java\jdk1.7.0_80
CLASSPATH=C:\Program Files (x86)\Java\jdk1.7.0_80\lib;
PATH=C:\Windows\system32;C:\Windows;C:\Windows\System32\Wbem;C:\Windows\System32\WindowsPowerShell\v1.0\;C:\Program Files (x86)\Windows7Master;C:\Program Files (x86)\ATI Technologies\ATI.ACE\Core-Static;C:\Program Files (x86)\Java\jdk1.7.0_80\bin;D:\AS\sdk;D:\AS\sdk\tools;D:\AS\sdk\build-tools;D:\AS\sdk\platform-tools;
USERNAME=Administrator
OS=Windows_NT
PROCESSOR_IDENTIFIER=AMD64 Family 21 Model 19 Stepping 1, AuthenticAMD



---------------  S Y S T E M  ---------------

OS: Windows 7 , 64 bit Build 7601 (6.1.7601.19045)

CPU:total 2 (2 cores per cpu, 1 threads per core) family 21 model 19 stepping 1, cmov, cx8, fxsr, mmx, sse, sse2, sse3, ssse3, sse4.1, sse4.2, popcnt, avx, aes, clmul, mmxext, 3dnowpref, lzcnt, sse4a, tsc, tscinvbit, tscinv, bmi1

Memory: 4k page, physical 3350748k(548448k free), swap 7200456k(1178168k free)

vm_info: OpenJDK 64-Bit Server VM (25.76-b03) for windows-amd64 JRE (1.8.0_76-release-b03), built on Jun 29 2016 19:09:20 by "ralucas" with MS VC++ 10.0 (VS2010)

time: Wed Dec 21 17:17:33 2016
elapsed time: 10 seconds (0d 0h 0m 10s)

